<?xml version="1.0" encoding="UTF-8"?>
<!-- Generated by org.testng.reporters.JUnitXMLReporter -->
<testsuite ignored="2" hostname="DESKTOP-UF5PEFK" failures="0" tests="1" name="Login Smoke Tests" time="3.193" errors="0" timestamp="2026-03-31T14:57:54 ICT">
  <testcase classname="tests.LoginTest" name="testLoginSuccess" time="0.549"/>
  <testcase classname="tests.LoginTest" name="testLoginLockedOutUser" time="0.0">
    <ignored/>
  </testcase> <!-- testLoginLockedOutUser -->
  <testcase classname="tests.LoginTest" name="testLoginInvalidPassword" time="0.0">
    <ignored/>
  </testcase> <!-- testLoginInvalidPassword -->
</testsuite> <!-- Login Smoke Tests -->
